<?xml version="1.0" encoding="UTF-8"?>
<testng-results skipped="0" failed="0" total="1" passed="1">
  <reporter-output>
  </reporter-output>
  <suite name="Default suite" duration-ms="24148" started-at="2020-05-09T21:19:15Z" finished-at="2020-05-09T21:19:39Z">
    <groups>
    </groups>
    <test name="Default test" duration-ms="24148" started-at="2020-05-09T21:19:15Z" finished-at="2020-05-09T21:19:39Z">
      <class name="com.training.sanity.tests.RemoveCart">
        <test-method status="PASS" signature="setUpBeforeClass()[pri:0, instance:com.training.sanity.tests.RemoveCart@1a38c59b]" name="setUpBeforeClass" is-config="true" duration-ms="14" started-at="2020-05-10T02:49:15Z" finished-at="2020-05-10T02:49:15Z">
          <reporter-output>
          </reporter-output>
        </test-method> <!-- setUpBeforeClass -->
        <test-method status="PASS" signature="setUp()[pri:0, instance:com.training.sanity.tests.RemoveCart@1a38c59b]" name="setUp" is-config="true" duration-ms="12387" started-at="2020-05-10T02:49:15Z" finished-at="2020-05-10T02:49:27Z">
          <reporter-output>
          </reporter-output>
        </test-method> <!-- setUp -->
        <test-method status="PASS" signature="RemoveFromCart()[pri:0, instance:com.training.sanity.tests.RemoveCart@1a38c59b]" name="RemoveFromCart" duration-ms="9884" started-at="2020-05-10T02:49:27Z" finished-at="2020-05-10T02:49:37Z">
          <reporter-output>
          </reporter-output>
        </test-method> <!-- RemoveFromCart -->
        <test-method status="PASS" signature="tearDown()[pri:0, instance:com.training.sanity.tests.RemoveCart@1a38c59b]" name="tearDown" is-config="true" duration-ms="1832" started-at="2020-05-10T02:49:37Z" finished-at="2020-05-10T02:49:39Z">
          <reporter-output>
          </reporter-output>
        </test-method> <!-- tearDown -->
      </class> <!-- com.training.sanity.tests.RemoveCart -->
    </test> <!-- Default test -->
  </suite> <!-- Default suite -->
</testng-results>
